Content-Type: text/plain; charset="utf-8"
MIME-Version: 1.0
Content-Transfer-Encoding: 7bit
Subject: Viaje Viaje a Mar del Plata desde La Plata La Plata,
 Buenos Aires - Mar del Plata, Buenos Aires 2021-06-30 cancelado
From: viajes@combi19.com
To: admin@combi19.com
Date: Tue, 29 Jun 2021 14:31:35 -0000
Message-ID: <162497709536.25608.6914251938845630591@SARNLORD>


Hola,

Su viaje, Viaje a Mar del Plata desde La Plata La Plata, Buenos Aires - Mar del Plata, Buenos Aires 2021-06-30, fue cancelado por complicaciones de la empresa. Por lo tanto, se le ha reestablecido el valor total del pasaje a la tarjeta asociada al pago del mismo.

Lamentamos las molestias ocasionadas, y esperamos que vuelva a viajar con nosotros.

Atentamente,
Grupo COMBI-19.

-------------------------------------------------------------------------------
Content-Type: text/plain; charset="utf-8"
MIME-Version: 1.0
Content-Transfer-Encoding: 7bit
Subject: Viaje Viaje a Mar del Plata desde La Plata La Plata,
 Buenos Aires - Mar del Plata, Buenos Aires 2021-06-30 cancelado
From: viajes@combi19.com
To: admin@combi19.com
Date: Tue, 29 Jun 2021 14:31:35 -0000
Message-ID: <162497709554.25608.15135323412470297035@SARNLORD>


Hola,

Su viaje, Viaje a Mar del Plata desde La Plata La Plata, Buenos Aires - Mar del Plata, Buenos Aires 2021-06-30, fue cancelado por complicaciones de la empresa. Por lo tanto, se le ha reestablecido el valor total del pasaje a la tarjeta asociada al pago del mismo.

Lamentamos las molestias ocasionadas, y esperamos que vuelva a viajar con nosotros.

Atentamente,
Grupo COMBI-19.

-------------------------------------------------------------------------------
Content-Type: text/plain; charset="utf-8"
MIME-Version: 1.0
Content-Transfer-Encoding: 7bit
Subject: Viaje Viaje a Mar del Plata desde La Plata La Plata,
 Buenos Aires - Mar del Plata, Buenos Aires 2021-06-30 cancelado
From: viajes@combi19.com
To: admin@combi19.com
Date: Tue, 29 Jun 2021 14:31:35 -0000
Message-ID: <162497709572.25608.4658519453408225879@SARNLORD>


Hola,

Su viaje, Viaje a Mar del Plata desde La Plata La Plata, Buenos Aires - Mar del Plata, Buenos Aires 2021-06-30, fue cancelado por complicaciones de la empresa. Por lo tanto, se le ha reestablecido el valor total del pasaje a la tarjeta asociada al pago del mismo.

Lamentamos las molestias ocasionadas, y esperamos que vuelva a viajar con nosotros.

Atentamente,
Grupo COMBI-19.

-------------------------------------------------------------------------------
